2011-05-27 10:52:15,322 WARN [geoserver.logging] - Suppressing StdOut logging.  If you want to see GeoServer logs, be sure to look in '/home/francois/Neogeo3/Workspace/Catalogue/GN-trunk/release/data/geoserver_data/../../jetty/logs/geoserver.log'
2011-05-27 10:52:16,185 ERROR [geoserver.global] - 
----------------------------------
- GEOSERVER_DATA_DIR: /home/francois/Neogeo3/Workspace/Catalogue/GN-trunk/release/data/geoserver_data
----------------------------------
2011-05-27 10:52:16,657 ERROR [jdbc.JDBCMetaBackend] - Failed to start JDBC metastore: Unsupported database file version or invalid file header in file "Old database: /home/francois/Neogeo3/Workspace/Catalogue/GN-trunk/release/data/geoserver_data/gwc/meta_jdbc_h2/gwc_metastore.data.db - please convert the database to a SQL script and re-create it." [90048-154]
2011-05-27 10:52:16,718 WARN [org.geoserver] - Ignoring store directory '.svn'
2011-05-27 10:52:17,390 WARN [referencing.factory] - Axis elements found in a wkt definition, the force longitude first axis order hint might not be respected:
PROJCS["WGS84 / Simple Mercator", GEOGCS["WGS 84", DATUM["WGS_1984", SPHEROID["WGS_1984", 6378137.0, 298.257223563]], PRIMEM["Greenwich", 0.0], UNIT["degree", 0.017453292519943295]], PROJECTION["Mercator_1SP_Google"], PARAMETER["latitude_of_origin", 0.0], PARAMETER["central_meridian", 0.0], PARAMETER["scale_factor", 1.0], PARAMETER["false_easting", 0.0], PARAMETER["false_northing", 0.0], UNIT["m", 1.0], AXIS["x", EAST], AXIS["y", NORTH], AUTHORITY["EPSG","54004"]]
2011-05-27 10:52:17,614 WARN [org.geoserver] - Ignoring feature type directory /home/francois/Neogeo3/Workspace/Catalogue/GN-trunk/release/data/geoserver_data/workspaces/gn/boundaries/.svn
2011-05-27 10:52:18,011 WARN [org.geoserver] - Ignoring coverage directory /home/francois/Neogeo3/Workspace/Catalogue/GN-trunk/release/data/geoserver_data/workspaces/gn/BlueMarble_world/.svn
2011-05-27 10:52:18,086 WARN [org.geoserver] - Ignoring store directory '.svn'
2011-05-27 10:52:18,092 WARN [org.geoserver] - Ignoring store directory '.svn'
2011-05-27 10:52:18,092 WARN [org.geoserver] - Ignoring store directory 'text-base'
2011-05-27 10:52:18,092 WARN [org.geoserver] - Ignoring store directory 'tmp'
2011-05-27 10:52:18,092 WARN [org.geoserver] - Ignoring store directory 'props'
2011-05-27 10:52:18,092 WARN [org.geoserver] - Ignoring store directory 'prop-base'
2011-05-27 11:31:46,796 WARN [geoserver.logging] - Suppressing StdOut logging.  If you want to see GeoServer logs, be sure to look in '/home/francois/Neogeo3/Workspace/Catalogue/GN-trunk/release/data/geoserver_data/../../jetty/logs/geoserver.log'
2011-05-27 11:31:47,867 ERROR [geoserver.global] - 
----------------------------------
- GEOSERVER_DATA_DIR: /home/francois/Neogeo3/Workspace/Catalogue/GN-trunk/release/data/geoserver_data
----------------------------------
2011-05-27 11:31:48,228 ERROR [jdbc.JDBCMetaBackend] - Failed to start JDBC metastore: Unsupported database file version or invalid file header in file "Old database: /home/francois/Neogeo3/Workspace/Catalogue/GN-trunk/release/data/geoserver_data/gwc/meta_jdbc_h2/gwc_metastore.data.db - please convert the database to a SQL script and re-create it." [90048-154]
2011-05-27 11:31:48,290 WARN [org.geoserver] - Ignoring store directory '.svn'
2011-05-27 11:31:48,904 WARN [referencing.factory] - Axis elements found in a wkt definition, the force longitude first axis order hint might not be respected:
PROJCS["WGS84 / Simple Mercator", GEOGCS["WGS 84", DATUM["WGS_1984", SPHEROID["WGS_1984", 6378137.0, 298.257223563]], PRIMEM["Greenwich", 0.0], UNIT["degree", 0.017453292519943295]], PROJECTION["Mercator_1SP_Google"], PARAMETER["latitude_of_origin", 0.0], PARAMETER["central_meridian", 0.0], PARAMETER["scale_factor", 1.0], PARAMETER["false_easting", 0.0], PARAMETER["false_northing", 0.0], UNIT["m", 1.0], AXIS["x", EAST], AXIS["y", NORTH], AUTHORITY["EPSG","54004"]]
2011-05-27 11:31:49,108 WARN [org.geoserver] - Ignoring feature type directory /home/francois/Neogeo3/Workspace/Catalogue/GN-trunk/release/data/geoserver_data/workspaces/gn/boundaries/.svn
2011-05-27 11:31:49,255 WARN [org.geoserver] - Ignoring coverage directory /home/francois/Neogeo3/Workspace/Catalogue/GN-trunk/release/data/geoserver_data/workspaces/gn/BlueMarble_world/.svn
2011-05-27 11:31:49,302 WARN [org.geoserver] - Ignoring store directory '.svn'
2011-05-27 11:31:49,308 WARN [org.geoserver] - Ignoring store directory '.svn'
2011-05-27 11:31:49,308 WARN [org.geoserver] - Ignoring store directory 'text-base'
2011-05-27 11:31:49,308 WARN [org.geoserver] - Ignoring store directory 'tmp'
2011-05-27 11:31:49,308 WARN [org.geoserver] - Ignoring store directory 'props'
2011-05-27 11:31:49,308 WARN [org.geoserver] - Ignoring store directory 'prop-base'
2011-05-27 11:57:03,868 WARN [geoserver.logging] - Suppressing StdOut logging.  If you want to see GeoServer logs, be sure to look in '/home/francois/Neogeo3/Workspace/Catalogue/GN-trunk/release/data/geoserver_data/../../jetty/logs/geoserver.log'
2011-05-27 11:57:04,858 ERROR [geoserver.global] - 
----------------------------------
- GEOSERVER_DATA_DIR: /home/francois/Neogeo3/Workspace/Catalogue/GN-trunk/release/data/geoserver_data
----------------------------------
2011-05-27 11:57:05,174 ERROR [jdbc.JDBCMetaBackend] - Failed to start JDBC metastore: Unsupported database file version or invalid file header in file "Old database: /home/francois/Neogeo3/Workspace/Catalogue/GN-trunk/release/data/geoserver_data/gwc/meta_jdbc_h2/gwc_metastore.data.db - please convert the database to a SQL script and re-create it." [90048-154]
2011-05-27 11:57:05,235 WARN [org.geoserver] - Ignoring store directory '.svn'
2011-05-27 11:57:05,868 WARN [referencing.factory] - Axis elements found in a wkt definition, the force longitude first axis order hint might not be respected:
PROJCS["WGS84 / Simple Mercator", GEOGCS["WGS 84", DATUM["WGS_1984", SPHEROID["WGS_1984", 6378137.0, 298.257223563]], PRIMEM["Greenwich", 0.0], UNIT["degree", 0.017453292519943295]], PROJECTION["Mercator_1SP_Google"], PARAMETER["latitude_of_origin", 0.0], PARAMETER["central_meridian", 0.0], PARAMETER["scale_factor", 1.0], PARAMETER["false_easting", 0.0], PARAMETER["false_northing", 0.0], UNIT["m", 1.0], AXIS["x", EAST], AXIS["y", NORTH], AUTHORITY["EPSG","54004"]]
2011-05-27 11:57:06,074 WARN [org.geoserver] - Ignoring feature type directory /home/francois/Neogeo3/Workspace/Catalogue/GN-trunk/release/data/geoserver_data/workspaces/gn/boundaries/.svn
2011-05-27 11:57:06,230 WARN [org.geoserver] - Ignoring coverage directory /home/francois/Neogeo3/Workspace/Catalogue/GN-trunk/release/data/geoserver_data/workspaces/gn/BlueMarble_world/.svn
2011-05-27 11:57:06,282 WARN [org.geoserver] - Ignoring store directory '.svn'
2011-05-27 11:57:06,288 WARN [org.geoserver] - Ignoring store directory '.svn'
2011-05-27 11:57:06,288 WARN [org.geoserver] - Ignoring store directory 'text-base'
2011-05-27 11:57:06,289 WARN [org.geoserver] - Ignoring store directory 'tmp'
2011-05-27 11:57:06,289 WARN [org.geoserver] - Ignoring store directory 'props'
2011-05-27 11:57:06,289 WARN [org.geoserver] - Ignoring store directory 'prop-base'
2011-05-27 17:33:48,645 WARN [geoserver.logging] - Suppressing StdOut logging.  If you want to see GeoServer logs, be sure to look in '/home/francois/Neogeo3/Workspace/Catalogue/GN-trunk/release/data/geoserver_data/../../jetty/logs/geoserver.log'
2011-05-27 17:33:49,786 ERROR [geoserver.global] - 
----------------------------------
- GEOSERVER_DATA_DIR: /home/francois/Neogeo3/Workspace/Catalogue/GN-trunk/release/data/geoserver_data
----------------------------------
2011-05-27 17:33:50,298 ERROR [jdbc.JDBCMetaBackend] - Failed to start JDBC metastore: Unsupported database file version or invalid file header in file "Old database: /home/francois/Neogeo3/Workspace/Catalogue/GN-trunk/release/data/geoserver_data/gwc/meta_jdbc_h2/gwc_metastore.data.db - please convert the database to a SQL script and re-create it." [90048-154]
2011-05-27 17:33:50,361 WARN [org.geoserver] - Ignoring store directory '.svn'
2011-05-27 17:33:50,945 WARN [referencing.factory] - Axis elements found in a wkt definition, the force longitude first axis order hint might not be respected:
PROJCS["WGS84 / Simple Mercator", GEOGCS["WGS 84", DATUM["WGS_1984", SPHEROID["WGS_1984", 6378137.0, 298.257223563]], PRIMEM["Greenwich", 0.0], UNIT["degree", 0.017453292519943295]], PROJECTION["Mercator_1SP_Google"], PARAMETER["latitude_of_origin", 0.0], PARAMETER["central_meridian", 0.0], PARAMETER["scale_factor", 1.0], PARAMETER["false_easting", 0.0], PARAMETER["false_northing", 0.0], UNIT["m", 1.0], AXIS["x", EAST], AXIS["y", NORTH], AUTHORITY["EPSG","54004"]]
2011-05-27 17:33:51,199 WARN [org.geoserver] - Ignoring feature type directory /home/francois/Neogeo3/Workspace/Catalogue/GN-trunk/release/data/geoserver_data/workspaces/gn/boundaries/.svn
2011-05-27 17:33:51,390 WARN [org.geoserver] - Ignoring coverage directory /home/francois/Neogeo3/Workspace/Catalogue/GN-trunk/release/data/geoserver_data/workspaces/gn/BlueMarble_world/.svn
2011-05-27 17:33:51,437 WARN [org.geoserver] - Ignoring store directory '.svn'
2011-05-27 17:33:51,443 WARN [org.geoserver] - Ignoring store directory '.svn'
2011-05-27 17:33:51,443 WARN [org.geoserver] - Ignoring store directory 'text-base'
2011-05-27 17:33:51,443 WARN [org.geoserver] - Ignoring store directory 'tmp'
2011-05-27 17:33:51,443 WARN [org.geoserver] - Ignoring store directory 'props'
2011-05-27 17:33:51,443 WARN [org.geoserver] - Ignoring store directory 'prop-base'
2011-05-30 13:10:16,123 WARN [geoserver.logging] - Suppressing StdOut logging.  If you want to see GeoServer logs, be sure to look in '/home/francois/Neogeo3/Workspace/Catalogue/GN-trunk/release/data/geoserver_data/../../jetty/logs/geoserver.log'
2011-05-30 13:10:17,239 ERROR [geoserver.global] - 
----------------------------------
- GEOSERVER_DATA_DIR: /home/francois/Neogeo3/Workspace/Catalogue/GN-trunk/release/data/geoserver_data
----------------------------------
2011-05-30 13:10:17,858 ERROR [jdbc.JDBCMetaBackend] - Failed to start JDBC metastore: Unsupported database file version or invalid file header in file "Old database: /home/francois/Neogeo3/Workspace/Catalogue/GN-trunk/release/data/geoserver_data/gwc/meta_jdbc_h2/gwc_metastore.data.db - please convert the database to a SQL script and re-create it." [90048-154]
2011-05-30 13:10:18,048 WARN [org.geoserver] - Ignoring store directory '.svn'
2011-05-30 13:10:18,878 WARN [referencing.factory] - Axis elements found in a wkt definition, the force longitude first axis order hint might not be respected:
PROJCS["WGS84 / Simple Mercator", GEOGCS["WGS 84", DATUM["WGS_1984", SPHEROID["WGS_1984", 6378137.0, 298.257223563]], PRIMEM["Greenwich", 0.0], UNIT["degree", 0.017453292519943295]], PROJECTION["Mercator_1SP_Google"], PARAMETER["latitude_of_origin", 0.0], PARAMETER["central_meridian", 0.0], PARAMETER["scale_factor", 1.0], PARAMETER["false_easting", 0.0], PARAMETER["false_northing", 0.0], UNIT["m", 1.0], AXIS["x", EAST], AXIS["y", NORTH], AUTHORITY["EPSG","54004"]]
2011-05-30 13:10:19,073 WARN [org.geoserver] - Ignoring feature type directory /home/francois/Neogeo3/Workspace/Catalogue/GN-trunk/release/data/geoserver_data/workspaces/gn/boundaries/.svn
2011-05-30 13:10:19,650 WARN [org.geoserver] - Ignoring coverage directory /home/francois/Neogeo3/Workspace/Catalogue/GN-trunk/release/data/geoserver_data/workspaces/gn/BlueMarble_world/.svn
2011-05-30 13:10:19,771 WARN [org.geoserver] - Ignoring store directory '.svn'
2011-05-30 13:10:19,837 WARN [org.geoserver] - Ignoring store directory '.svn'
2011-05-30 13:10:19,838 WARN [org.geoserver] - Ignoring store directory 'text-base'
2011-05-30 13:10:19,838 WARN [org.geoserver] - Ignoring store directory 'tmp'
2011-05-30 13:10:19,838 WARN [org.geoserver] - Ignoring store directory 'props'
2011-05-30 13:10:19,839 WARN [org.geoserver] - Ignoring store directory 'prop-base'
2011-05-30 13:41:43,668 WARN [geoserver.logging] - Suppressing StdOut logging.  If you want to see GeoServer logs, be sure to look in '/home/francois/Neogeo3/Workspace/Catalogue/GN-trunk/release/data/geoserver_data/../../jetty/logs/geoserver.log'
2011-05-30 13:41:44,706 ERROR [geoserver.global] - 
----------------------------------
- GEOSERVER_DATA_DIR: /home/francois/Neogeo3/Workspace/Catalogue/GN-trunk/release/data/geoserver_data
----------------------------------
2011-05-30 13:41:45,088 ERROR [jdbc.JDBCMetaBackend] - Failed to start JDBC metastore: Unsupported database file version or invalid file header in file "Old database: /home/francois/Neogeo3/Workspace/Catalogue/GN-trunk/release/data/geoserver_data/gwc/meta_jdbc_h2/gwc_metastore.data.db - please convert the database to a SQL script and re-create it." [90048-154]
2011-05-30 13:41:45,158 WARN [org.geoserver] - Ignoring store directory '.svn'
2011-05-30 13:41:45,886 WARN [referencing.factory] - Axis elements found in a wkt definition, the force longitude first axis order hint might not be respected:
PROJCS["WGS84 / Simple Mercator", GEOGCS["WGS 84", DATUM["WGS_1984", SPHEROID["WGS_1984", 6378137.0, 298.257223563]], PRIMEM["Greenwich", 0.0], UNIT["degree", 0.017453292519943295]], PROJECTION["Mercator_1SP_Google"], PARAMETER["latitude_of_origin", 0.0], PARAMETER["central_meridian", 0.0], PARAMETER["scale_factor", 1.0], PARAMETER["false_easting", 0.0], PARAMETER["false_northing", 0.0], UNIT["m", 1.0], AXIS["x", EAST], AXIS["y", NORTH], AUTHORITY["EPSG","54004"]]
2011-05-30 13:41:46,137 WARN [org.geoserver] - Ignoring feature type directory /home/francois/Neogeo3/Workspace/Catalogue/GN-trunk/release/data/geoserver_data/workspaces/gn/boundaries/.svn
2011-05-30 13:41:46,310 WARN [org.geoserver] - Ignoring coverage directory /home/francois/Neogeo3/Workspace/Catalogue/GN-trunk/release/data/geoserver_data/workspaces/gn/BlueMarble_world/.svn
2011-05-30 13:41:46,385 WARN [org.geoserver] - Ignoring store directory '.svn'
2011-05-30 13:41:46,391 WARN [org.geoserver] - Ignoring store directory '.svn'
2011-05-30 13:41:46,391 WARN [org.geoserver] - Ignoring store directory 'text-base'
2011-05-30 13:41:46,391 WARN [org.geoserver] - Ignoring store directory 'tmp'
2011-05-30 13:41:46,391 WARN [org.geoserver] - Ignoring store directory 'props'
2011-05-30 13:41:46,391 WARN [org.geoserver] - Ignoring store directory 'prop-base'
2011-05-30 14:20:46,239 WARN [geoserver.logging] - Suppressing StdOut logging.  If you want to see GeoServer logs, be sure to look in '/home/francois/Neogeo3/Workspace/Catalogue/GN-trunk/release/data/geoserver_data/../../jetty/logs/geoserver.log'
2011-05-30 14:20:47,694 ERROR [geoserver.global] - 
----------------------------------
- GEOSERVER_DATA_DIR: /home/francois/Neogeo3/Workspace/Catalogue/GN-trunk/release/data/geoserver_data
----------------------------------
2011-05-30 14:20:48,092 ERROR [jdbc.JDBCMetaBackend] - Failed to start JDBC metastore: Unsupported database file version or invalid file header in file "Old database: /home/francois/Neogeo3/Workspace/Catalogue/GN-trunk/release/data/geoserver_data/gwc/meta_jdbc_h2/gwc_metastore.data.db - please convert the database to a SQL script and re-create it." [90048-154]
2011-05-30 14:20:48,160 WARN [org.geoserver] - Ignoring store directory '.svn'
2011-05-30 14:20:48,850 WARN [referencing.factory] - Axis elements found in a wkt definition, the force longitude first axis order hint might not be respected:
PROJCS["WGS84 / Simple Mercator", GEOGCS["WGS 84", DATUM["WGS_1984", SPHEROID["WGS_1984", 6378137.0, 298.257223563]], PRIMEM["Greenwich", 0.0], UNIT["degree", 0.017453292519943295]], PROJECTION["Mercator_1SP_Google"], PARAMETER["latitude_of_origin", 0.0], PARAMETER["central_meridian", 0.0], PARAMETER["scale_factor", 1.0], PARAMETER["false_easting", 0.0], PARAMETER["false_northing", 0.0], UNIT["m", 1.0], AXIS["x", EAST], AXIS["y", NORTH], AUTHORITY["EPSG","54004"]]
2011-05-30 14:20:49,126 WARN [org.geoserver] - Ignoring feature type directory /home/francois/Neogeo3/Workspace/Catalogue/GN-trunk/release/data/geoserver_data/workspaces/gn/boundaries/.svn
2011-05-30 14:20:49,457 WARN [org.geoserver] - Ignoring coverage directory /home/francois/Neogeo3/Workspace/Catalogue/GN-trunk/release/data/geoserver_data/workspaces/gn/BlueMarble_world/.svn
2011-05-30 14:20:49,533 WARN [org.geoserver] - Ignoring store directory '.svn'
2011-05-30 14:20:49,547 WARN [org.geoserver] - Ignoring store directory '.svn'
2011-05-30 14:20:49,548 WARN [org.geoserver] - Ignoring store directory 'text-base'
2011-05-30 14:20:49,548 WARN [org.geoserver] - Ignoring store directory 'tmp'
2011-05-30 14:20:49,548 WARN [org.geoserver] - Ignoring store directory 'props'
2011-05-30 14:20:49,548 WARN [org.geoserver] - Ignoring store directory 'prop-base'
2011-05-30 14:23:27,503 WARN [geoserver.logging] - Suppressing StdOut logging.  If you want to see GeoServer logs, be sure to look in '/home/francois/Neogeo3/Workspace/Catalogue/GN-trunk/release/data/geoserver_data/../../jetty/logs/geoserver.log'
2011-05-30 14:23:28,524 ERROR [geoserver.global] - 
----------------------------------
- GEOSERVER_DATA_DIR: /home/francois/Neogeo3/Workspace/Catalogue/GN-trunk/release/data/geoserver_data
----------------------------------
2011-05-30 14:23:28,932 ERROR [jdbc.JDBCMetaBackend] - Failed to start JDBC metastore: Unsupported database file version or invalid file header in file "Old database: /home/francois/Neogeo3/Workspace/Catalogue/GN-trunk/release/data/geoserver_data/gwc/meta_jdbc_h2/gwc_metastore.data.db - please convert the database to a SQL script and re-create it." [90048-154]
2011-05-30 14:23:28,998 WARN [org.geoserver] - Ignoring store directory '.svn'
2011-05-30 14:23:29,713 WARN [referencing.factory] - Axis elements found in a wkt definition, the force longitude first axis order hint might not be respected:
PROJCS["WGS84 / Simple Mercator", GEOGCS["WGS 84", DATUM["WGS_1984", SPHEROID["WGS_1984", 6378137.0, 298.257223563]], PRIMEM["Greenwich", 0.0], UNIT["degree", 0.017453292519943295]], PROJECTION["Mercator_1SP_Google"], PARAMETER["latitude_of_origin", 0.0], PARAMETER["central_meridian", 0.0], PARAMETER["scale_factor", 1.0], PARAMETER["false_easting", 0.0], PARAMETER["false_northing", 0.0], UNIT["m", 1.0], AXIS["x", EAST], AXIS["y", NORTH], AUTHORITY["EPSG","54004"]]
2011-05-30 14:23:29,928 WARN [org.geoserver] - Ignoring feature type directory /home/francois/Neogeo3/Workspace/Catalogue/GN-trunk/release/data/geoserver_data/workspaces/gn/boundaries/.svn
2011-05-30 14:23:30,067 WARN [org.geoserver] - Ignoring coverage directory /home/francois/Neogeo3/Workspace/Catalogue/GN-trunk/release/data/geoserver_data/workspaces/gn/BlueMarble_world/.svn
2011-05-30 14:23:30,140 WARN [org.geoserver] - Ignoring store directory '.svn'
2011-05-30 14:23:30,146 WARN [org.geoserver] - Ignoring store directory '.svn'
2011-05-30 14:23:30,146 WARN [org.geoserver] - Ignoring store directory 'text-base'
2011-05-30 14:23:30,146 WARN [org.geoserver] - Ignoring store directory 'tmp'
2011-05-30 14:23:30,146 WARN [org.geoserver] - Ignoring store directory 'props'
2011-05-30 14:23:30,146 WARN [org.geoserver] - Ignoring store directory 'prop-base'
2011-05-31 08:01:13,427 WARN [geoserver.logging] - Suppressing StdOut logging.  If you want to see GeoServer logs, be sure to look in '/home/francois/Neogeo3/Workspace/Catalogue/GN-trunk/release/data/geoserver_data/../../jetty/logs/geoserver.log'
2011-05-31 08:01:14,363 ERROR [geoserver.global] - 
----------------------------------
- GEOSERVER_DATA_DIR: /home/francois/Neogeo3/Workspace/Catalogue/GN-trunk/release/data/geoserver_data
----------------------------------
2011-05-31 08:01:14,732 ERROR [jdbc.JDBCMetaBackend] - Failed to start JDBC metastore: Unsupported database file version or invalid file header in file "Old database: /home/francois/Neogeo3/Workspace/Catalogue/GN-trunk/release/data/geoserver_data/gwc/meta_jdbc_h2/gwc_metastore.data.db - please convert the database to a SQL script and re-create it." [90048-154]
2011-05-31 08:01:14,810 WARN [org.geoserver] - Ignoring store directory '.svn'
2011-05-31 08:01:15,432 WARN [referencing.factory] - Axis elements found in a wkt definition, the force longitude first axis order hint might not be respected:
PROJCS["WGS84 / Simple Mercator", GEOGCS["WGS 84", DATUM["WGS_1984", SPHEROID["WGS_1984", 6378137.0, 298.257223563]], PRIMEM["Greenwich", 0.0], UNIT["degree", 0.017453292519943295]], PROJECTION["Mercator_1SP_Google"], PARAMETER["latitude_of_origin", 0.0], PARAMETER["central_meridian", 0.0], PARAMETER["scale_factor", 1.0], PARAMETER["false_easting", 0.0], PARAMETER["false_northing", 0.0], UNIT["m", 1.0], AXIS["x", EAST], AXIS["y", NORTH], AUTHORITY["EPSG","54004"]]
2011-05-31 08:01:15,653 WARN [org.geoserver] - Ignoring feature type directory /home/francois/Neogeo3/Workspace/Catalogue/GN-trunk/release/data/geoserver_data/workspaces/gn/boundaries/.svn
2011-05-31 08:01:15,866 WARN [org.geoserver] - Ignoring coverage directory /home/francois/Neogeo3/Workspace/Catalogue/GN-trunk/release/data/geoserver_data/workspaces/gn/BlueMarble_world/.svn
2011-05-31 08:01:15,938 WARN [org.geoserver] - Ignoring store directory '.svn'
2011-05-31 08:01:15,956 WARN [org.geoserver] - Ignoring store directory '.svn'
2011-05-31 08:01:15,956 WARN [org.geoserver] - Ignoring store directory 'text-base'
2011-05-31 08:01:15,956 WARN [org.geoserver] - Ignoring store directory 'tmp'
2011-05-31 08:01:15,957 WARN [org.geoserver] - Ignoring store directory 'props'
2011-05-31 08:01:15,957 WARN [org.geoserver] - Ignoring store directory 'prop-base'
2011-05-31 10:20:59,260 WARN [geoserver.logging] - Suppressing StdOut logging.  If you want to see GeoServer logs, be sure to look in '/home/francois/Neogeo3/Workspace/Catalogue/GN-trunk/release/data/geoserver_data/../../jetty/logs/geoserver.log'
2011-05-31 10:21:00,239 ERROR [geoserver.global] - 
----------------------------------
- GEOSERVER_DATA_DIR: /home/francois/Neogeo3/Workspace/Catalogue/GN-trunk/release/data/geoserver_data
----------------------------------
2011-05-31 10:21:00,754 ERROR [jdbc.JDBCMetaBackend] - Failed to start JDBC metastore: Unsupported database file version or invalid file header in file "Old database: /home/francois/Neogeo3/Workspace/Catalogue/GN-trunk/release/data/geoserver_data/gwc/meta_jdbc_h2/gwc_metastore.data.db - please convert the database to a SQL script and re-create it." [90048-154]
2011-05-31 10:21:00,940 WARN [org.geoserver] - Ignoring store directory '.svn'
2011-05-31 10:21:01,854 WARN [referencing.factory] - Axis elements found in a wkt definition, the force longitude first axis order hint might not be respected:
PROJCS["WGS84 / Simple Mercator", GEOGCS["WGS 84", DATUM["WGS_1984", SPHEROID["WGS_1984", 6378137.0, 298.257223563]], PRIMEM["Greenwich", 0.0], UNIT["degree", 0.017453292519943295]], PROJECTION["Mercator_1SP_Google"], PARAMETER["latitude_of_origin", 0.0], PARAMETER["central_meridian", 0.0], PARAMETER["scale_factor", 1.0], PARAMETER["false_easting", 0.0], PARAMETER["false_northing", 0.0], UNIT["m", 1.0], AXIS["x", EAST], AXIS["y", NORTH], AUTHORITY["EPSG","54004"]]
2011-05-31 10:21:02,126 WARN [org.geoserver] - Ignoring feature type directory /home/francois/Neogeo3/Workspace/Catalogue/GN-trunk/release/data/geoserver_data/workspaces/gn/boundaries/.svn
2011-05-31 10:21:02,826 WARN [org.geoserver] - Ignoring coverage directory /home/francois/Neogeo3/Workspace/Catalogue/GN-trunk/release/data/geoserver_data/workspaces/gn/BlueMarble_world/.svn
2011-05-31 10:21:02,936 WARN [org.geoserver] - Ignoring store directory '.svn'
2011-05-31 10:21:03,004 WARN [org.geoserver] - Ignoring store directory '.svn'
2011-05-31 10:21:03,005 WARN [org.geoserver] - Ignoring store directory 'text-base'
2011-05-31 10:21:03,005 WARN [org.geoserver] - Ignoring store directory 'tmp'
2011-05-31 10:21:03,006 WARN [org.geoserver] - Ignoring store directory 'props'
2011-05-31 10:21:03,006 WARN [org.geoserver] - Ignoring store directory 'prop-base'
